21:49:02 **** Incremental Build of configuration Debug for project MC2 ****
make all 
Building file: ../MC2_main.c
Invoking: AVR Compiler
avr-gcc -Wall -g2 -gstabs -O0 -fpack-struct -fshort-enums -ffunction-sections -fdata-sections -std=gnu99 -funsigned-char -funsigned-bitfields -mmcu=atmega32 -DF_CPU=8000000UL -MMD -MP -MF"MC2_main.d" -MT"MC2_main.o" -c -o "MC2_main.o" "../MC2_main.c"
In file included from ../MC2_main.c:24:
c:/winavr-20100110/lib/gcc/../../avr/include/util/delay.h:90:3: warning: #warning "Compiler optimizations disabled; functions from <util/delay.h> won't work as designed"
Finished building: ../MC2_main.c
 
Building file: ../gpio.c
Invoking: AVR Compiler
avr-gcc -Wall -g2 -gstabs -O0 -fpack-struct -fshort-enums -ffunction-sections -fdata-sections -std=gnu99 -funsigned-char -funsigned-bitfields -mmcu=atmega32 -DF_CPU=8000000UL -MMD -MP -MF"gpio.d" -MT"gpio.o" -c -o "gpio.o" "../gpio.c"
Finished building: ../gpio.c
 
Building target: MC2.elf
Invoking: AVR C Linker
avr-gcc -Wl,-Map,MC2.map -mmcu=atmega32 -o "MC2.elf"  ./MC2_main.o ./buzzer.o ./dc_motor.o ./external_eeprom.o ./gpio.o ./pwm_timer0.o ./timer1.o ./twi.o ./uart.o   
Finished building target: MC2.elf
 
Invoking: AVR Create Extended Listing
avr-objdump -h -S MC2.elf  >"MC2.lss"
Finished building: MC2.lss
 
Invoking: Print Size
avr-size --format=avr --mcu=atmega32 MC2.elf
AVR Memory Usage
----------------
Device: atmega32

Program:    7962 bytes (24.3% Full)
(.text + .data + .bootloader)

Data:         54 bytes (2.6% Full)
(.data + .bss + .noinit)


Finished building: sizedummy
 
